2011.04.23 17:08 B C:\Users\Carlton\Documents\Meade Street Productions\FAB Presbyterian\graphics\burlbg.jpg --> meadestreet.com /public_html/fabtest/graphics burlbg.jpg
2011.04.23 17:08 B C:\Users\Carlton\Documents\Meade Street Productions\FAB Presbyterian\graphics\fablogo.jpg --> meadestreet.com /public_html/fabtest/graphics fablogo.jpg
2011.04.23 17:08 B C:\Users\Carlton\Documents\Meade Street Productions\FAB Presbyterian\graphics\tower1-test.jpg --> meadestreet.com /public_html/fabtest/graphics tower1-test.jpg
2011.09.13 16:58 B C:\Users\Carlton\Documents\Meade Street Productions\laportepresbyterianfinearts\graphics\burlbg.jpg --> meadestreet.com /public_html/laportepresbyterianfinearts/graphics burlbg.jpg
2011.09.13 16:58 B C:\Users\Carlton\Documents\Meade Street Productions\laportepresbyterianfinearts\graphics\fablogo.jpg --> meadestreet.com /public_html/laportepresbyterianfinearts/graphics fablogo.jpg
2011.09.13 16:58 B C:\Users\Carlton\Documents\Meade Street Productions\laportepresbyterianfinearts\graphics\tower1-test.jpg --> meadestreet.com /public_html/laportepresbyterianfinearts/graphics tower1-test.jpg
2011.09.13 16:58 B C:\Users\Carlton\Documents\Meade Street Productions\laportepresbyterianfinearts\graphics\ws_ftp.log --> meadestreet.com /public_html/laportepresbyterianfinearts/graphics ws_ftp.log
2011.11.15 22:23 B C:\Users\Carlton\Documents\Meade Street Productions\laportepresbyterianfinearts\graphics\baranov.jpg --> meadestreet.com /public_html/laportepresbyterianfinearts/graphics baranov.jpg
2011.11.15 22:23 B C:\Users\Carlton\Documents\Meade Street Productions\laportepresbyterianfinearts\graphics\aoki.jpg --> meadestreet.com /public_html/laportepresbyterianfinearts/graphics aoki.jpg
2011.11.15 22:23 B C:\Users\Carlton\Documents\Meade Street Productions\laportepresbyterianfinearts\graphics\konevets.jpg --> meadestreet.com /public_html/laportepresbyterianfinearts/graphics konevets.jpg
2011.11.15 22:23 B C:\Users\Carlton\Documents\Meade Street Productions\laportepresbyterianfinearts\graphics\bells.jpg --> meadestreet.com /public_html/laportepresbyterianfinearts/graphics bells.jpg
2011.11.15 22:23 B C:\Users\Carlton\Documents\Meade Street Productions\laportepresbyterianfinearts\graphics\angel-card.pdf --> meadestreet.com /public_html/laportepresbyterianfinearts/graphics angel-card.pdf
2011.11.15 22:23 B C:\Users\Carlton\Documents\Meade Street Productions\laportepresbyterianfinearts\graphics\fabmeet.jpg --> meadestreet.com /public_html/laportepresbyterianfinearts/graphics fabmeet.jpg
2011.11.15 22:28 B C:\Users\Carlton\Documents\Meade Street Productions\laportepresbyterianfinearts\graphics\tower01.jpg --> meadestreet.com /public_html/laportepresbyterianfinearts/graphics tower01.jpg
2011.11.16 20:31 B C:\Users\Carlton\Documents\Meade Street Productions\laportepresbyterianfinearts\graphics\organ.jpg --> meadestreet.com /public_html/laportepresbyterianfinearts/graphics organ.jpg
2011.11.17 21:02 B C:\Users\Carlton\Documents\Meade Street Productions\laportepresbyterianfinearts\graphics\lewis.jpg --> meadestreet.com /public_html/laportepresbyterianfinearts/graphics lewis.jpg
2011.11.17 21:02 B C:\Users\Carlton\Documents\Meade Street Productions\laportepresbyterianfinearts\graphics\25th.jpg --> meadestreet.com /public_html/laportepresbyterianfinearts/graphics 25th.jpg
2011.11.17 21:02 B C:\Users\Carlton\Documents\Meade Street Productions\laportepresbyterianfinearts\graphics\25th-2.jpg --> meadestreet.com /public_html/laportepresbyterianfinearts/graphics 25th-2.jpg
2011.11.17 21:03 B C:\Users\Carlton\Documents\Meade Street Productions\laportepresbyterianfinearts\graphics\smcwc.jpg --> meadestreet.com /public_html/laportepresbyterianfinearts/graphics smcwc.jpg
2011.11.17 21:03 B C:\Users\Carlton\Documents\Meade Street Productions\laportepresbyterianfinearts\graphics\menk.jpg --> meadestreet.com /public_html/laportepresbyterianfinearts/graphics menk.jpg
2011.11.17 21:03 B C:\Users\Carlton\Documents\Meade Street Productions\laportepresbyterianfinearts\graphics\bolitho.jpg --> meadestreet.com /public_html/laportepresbyterianfinearts/graphics bolitho.jpg
2011.11.17 21:03 B C:\Users\Carlton\Documents\Meade Street Productions\laportepresbyterianfinearts\graphics\art2009.jpg --> meadestreet.com /public_html/laportepresbyterianfinearts/graphics art2009.jpg
2011.11.17 21:03 B C:\Users\Carlton\Documents\Meade Street Productions\laportepresbyterianfinearts\graphics\25-159.jpg --> meadestreet.com /public_html/laportepresbyterianfinearts/graphics 25-159.jpg
2011.11.17 21:03 B C:\Users\Carlton\Documents\Meade Street Productions\laportepresbyterianfinearts\graphics\25-158.jpg --> meadestreet.com /public_html/laportepresbyterianfinearts/graphics 25-158.jpg
2011.11.17 21:03 B C:\Users\Carlton\Documents\Meade Street Productions\laportepresbyterianfinearts\graphics\25-157.jpg --> meadestreet.com /public_html/laportepresbyterianfinearts/graphics 25-157.jpg
2011.11.17 21:03 B C:\Users\Carlton\Documents\Meade Street Productions\laportepresbyterianfinearts\graphics\25-161.jpg --> meadestreet.com /public_html/laportepresbyterianfinearts/graphics 25-161.jpg
2011.11.17 21:03 B C:\Users\Carlton\Documents\Meade Street Productions\laportepresbyterianfinearts\graphics\25-160.jpg --> meadestreet.com /public_html/laportepresbyterianfinearts/graphics 25-160.jpg
2011.11.17 21:03 B C:\Users\Carlton\Documents\Meade Street Productions\laportepresbyterianfinearts\graphics\25-164.jpg --> meadestreet.com /public_html/laportepresbyterianfinearts/graphics 25-164.jpg
2011.11.17 21:03 B C:\Users\Carlton\Documents\Meade Street Productions\laportepresbyterianfinearts\graphics\25-163.jpg --> meadestreet.com /public_html/laportepresbyterianfinearts/graphics 25-163.jpg
2011.11.17 21:03 B C:\Users\Carlton\Documents\Meade Street Productions\laportepresbyterianfinearts\graphics\25-162.jpg --> meadestreet.com /public_html/laportepresbyterianfinearts/graphics 25-162.jpg
2011.11.17 21:03 B C:\Users\Carlton\Documents\Meade Street Productions\laportepresbyterianfinearts\graphics\25-168.jpg --> meadestreet.com /public_html/laportepresbyterianfinearts/graphics 25-168.jpg
2011.11.17 21:03 B C:\Users\Carlton\Documents\Meade Street Productions\laportepresbyterianfinearts\graphics\25-167.jpg --> meadestreet.com /public_html/laportepresbyterianfinearts/graphics 25-167.jpg
2011.11.17 21:03 B C:\Users\Carlton\Documents\Meade Street Productions\laportepresbyterianfinearts\graphics\25-166.jpg --> meadestreet.com /public_html/laportepresbyterianfinearts/graphics 25-166.jpg
2011.11.17 21:03 B C:\Users\Carlton\Documents\Meade Street Productions\laportepresbyterianfinearts\graphics\25-171.jpg --> meadestreet.com /public_html/laportepresbyterianfinearts/graphics 25-171.jpg
2011.11.17 21:03 B C:\Users\Carlton\Documents\Meade Street Productions\laportepresbyterianfinearts\graphics\25-170.jpg --> meadestreet.com /public_html/laportepresbyterianfinearts/graphics 25-170.jpg
2011.11.17 21:03 B C:\Users\Carlton\Documents\Meade Street Productions\laportepresbyterianfinearts\graphics\25-169.jpg --> meadestreet.com /public_html/laportepresbyterianfinearts/graphics 25-169.jpg
2011.11.17 21:03 B C:\Users\Carlton\Documents\Meade Street Productions\laportepresbyterianfinearts\graphics\25-174.jpg --> meadestreet.com /public_html/laportepresbyterianfinearts/graphics 25-174.jpg
2011.11.17 21:03 B C:\Users\Carlton\Documents\Meade Street Productions\laportepresbyterianfinearts\graphics\25-173.jpg --> meadestreet.com /public_html/laportepresbyterianfinearts/graphics 25-173.jpg
2011.11.17 21:03 B C:\Users\Carlton\Documents\Meade Street Productions\laportepresbyterianfinearts\graphics\25-172.jpg --> meadestreet.com /public_html/laportepresbyterianfinearts/graphics 25-172.jpg
2011.11.17 21:03 B C:\Users\Carlton\Documents\Meade Street Productions\laportepresbyterianfinearts\graphics\25-178.jpg --> meadestreet.com /public_html/laportepresbyterianfinearts/graphics 25-178.jpg
2011.11.17 21:03 B C:\Users\Carlton\Documents\Meade Street Productions\laportepresbyterianfinearts\graphics\25-177.jpg --> meadestreet.com /public_html/laportepresbyterianfinearts/graphics 25-177.jpg
2011.11.17 21:03 B C:\Users\Carlton\Documents\Meade Street Productions\laportepresbyterianfinearts\graphics\25-176.jpg --> meadestreet.com /public_html/laportepresbyterianfinearts/graphics 25-176.jpg
2011.11.17 21:03 B C:\Users\Carlton\Documents\Meade Street Productions\laportepresbyterianfinearts\graphics\25-175.jpg --> meadestreet.com /public_html/laportepresbyterianfinearts/graphics 25-175.jpg
2011.11.17 21:03 B C:\Users\Carlton\Documents\Meade Street Productions\laportepresbyterianfinearts\graphics\25-182.jpg --> meadestreet.com /public_html/laportepresbyterianfinearts/graphics 25-182.jpg
2011.11.17 21:03 B C:\Users\Carlton\Documents\Meade Street Productions\laportepresbyterianfinearts\graphics\25-181.jpg --> meadestreet.com /public_html/laportepresbyterianfinearts/graphics 25-181.jpg
2011.11.17 21:03 B C:\Users\Carlton\Documents\Meade Street Productions\laportepresbyterianfinearts\graphics\25-180.jpg --> meadestreet.com /public_html/laportepresbyterianfinearts/graphics 25-180.jpg
2011.11.17 21:03 B C:\Users\Carlton\Documents\Meade Street Productions\laportepresbyterianfinearts\graphics\25-179.jpg --> meadestreet.com /public_html/laportepresbyterianfinearts/graphics 25-179.jpg
2011.11.17 22:12 B C:\Users\Carlton\Documents\Meade Street Productions\laportepresbyterianfinearts\graphics\gouwens.jpg --> meadestreet.com /public_html/laportepresbyterianfinearts/graphics gouwens.jpg
2011.11.17 22:12 B C:\Users\Carlton\Documents\Meade Street Productions\laportepresbyterianfinearts\graphics\cr.jpg --> meadestreet.com /public_html/laportepresbyterianfinearts/graphics cr.jpg
2011.11.17 22:12 B C:\Users\Carlton\Documents\Meade Street Productions\laportepresbyterianfinearts\graphics\bolitho.jpg --> meadestreet.com /public_html/laportepresbyterianfinearts/graphics bolitho.jpg
2011.11.17 22:12 B C:\Users\Carlton\Documents\Meade Street Productions\laportepresbyterianfinearts\graphics\art-gen.jpg --> meadestreet.com /public_html/laportepresbyterianfinearts/graphics art-gen.jpg
2011.11.17 22:12 B C:\Users\Carlton\Documents\Meade Street Productions\laportepresbyterianfinearts\graphics\smcwc.jpg --> meadestreet.com /public_html/laportepresbyterianfinearts/graphics smcwc.jpg
2011.11.17 22:12 B C:\Users\Carlton\Documents\Meade Street Productions\laportepresbyterianfinearts\graphics\kok.jpg --> meadestreet.com /public_html/laportepresbyterianfinearts/graphics kok.jpg
2011.11.21 15:06 B C:\Users\Carlton\Documents\Meade Street Productions\laportepresbyterianfinearts\graphics\smcwc.jpg --> meadestreet.com /public_html/laportepresbyterianfinearts/graphics smcwc.jpg
2011.11.21 15:06 B C:\Users\Carlton\Documents\Meade Street Productions\laportepresbyterianfinearts\graphics\fitch.jpg --> meadestreet.com /public_html/laportepresbyterianfinearts/graphics fitch.jpg
2011.11.21 15:06 B C:\Users\Carlton\Documents\Meade Street Productions\laportepresbyterianfinearts\graphics\cr.jpg --> meadestreet.com /public_html/laportepresbyterianfinearts/graphics cr.jpg
2011.11.21 19:58 B C:\Users\Carlton\Documents\Meade Street Productions\laportepresbyterianfinearts\graphics\suver.jpg --> meadestreet.com /public_html/laportepresbyterianfinearts/graphics suver.jpg
2011.11.21 19:58 B C:\Users\Carlton\Documents\Meade Street Productions\laportepresbyterianfinearts\graphics\dabagia.jpg --> meadestreet.com /public_html/laportepresbyterianfinearts/graphics dabagia.jpg
2011.11.21 19:58 B C:\Users\Carlton\Documents\Meade Street Productions\laportepresbyterianfinearts\graphics\baranov-aoki.jpg --> meadestreet.com /public_html/laportepresbyterianfinearts/graphics baranov-aoki.jpg
2012.02.25 14:30 B C:\Users\Carlton\Documents\Meade Street Productions\laportepresbyterianfinearts\graphics\tower01.jpg --> meadestreet.com /public_html/laportepresbyterianfinearts/graphics tower01.jpg
2012.02.25 15:35 B C:\Users\Carlton\Documents\Meade Street Productions\laportepresbyterianfinearts\graphics\long.jpg --> meadestreet.com /public_html/laportepresbyterianfinearts/graphics long.jpg
2012.02.25 20:30 B C:\Users\Carlton\Documents\Meade Street Productions\laportepresbyterianfinearts\graphics\fireside.jpg --> meadestreet.com /public_html/laportepresbyterianfinearts/graphics fireside.jpg
2012.02.25 20:30 B C:\Users\Carlton\Documents\Meade Street Productions\laportepresbyterianfinearts\graphics\piano.jpg --> meadestreet.com /public_html/laportepresbyterianfinearts/graphics piano.jpg
2012.02.25 20:30 B C:\Users\Carlton\Documents\Meade Street Productions\laportepresbyterianfinearts\graphics\sanctuary.jpg --> meadestreet.com /public_html/laportepresbyterianfinearts/graphics sanctuary.jpg
2012.03.01 01:50 B C:\Users\Carlton\Documents\Meade Street Productions\laportepresbyterianfinearts\graphics\keithahn.jpg --> meadestreet.com /public_html/laportepresbyterianfinearts/graphics keithahn.jpg
2012.03.08 19:24 B C:\Users\Carlton\Documents\Meade Street Productions\laportepresbyterianfinearts\graphics\keithahn.jpg --> meadestreet.com /public_html/laportepresbyterianfinearts/graphics keithahn.jpg
2012.05.08 20:25 B C:\Users\Carlton\Documents\Meade Street Productions\laportepresbyterianfinearts\graphics\curry.jpg --> meadestreet.com /public_html/laportepresbyterianfinearts/graphics curry.jpg
2012.05.08 20:25 B C:\Users\Carlton\Documents\Meade Street Productions\laportepresbyterianfinearts\graphics\bergren.jpg --> meadestreet.com /public_html/laportepresbyterianfinearts/graphics bergren.jpg
2012.05.08 20:25 B C:\Users\Carlton\Documents\Meade Street Productions\laportepresbyterianfinearts\graphics\hawley.jpg --> meadestreet.com /public_html/laportepresbyterianfinearts/graphics hawley.jpg
2012.05.08 20:25 B C:\Users\Carlton\Documents\Meade Street Productions\laportepresbyterianfinearts\graphics\bio2.png --> meadestreet.com /public_html/laportepresbyterianfinearts/graphics bio2.png
2012.05.08 20:25 B C:\Users\Carlton\Documents\Meade Street Productions\laportepresbyterianfinearts\graphics\bio.png --> meadestreet.com /public_html/laportepresbyterianfinearts/graphics bio.png
2012.09.01 14:39 B C:\users\carlton\music\documents\meade street productions\laportepresbyterianfinearts\graphics\hasteypudding.jpg --> meadestreet.com /public_html/laportepresbyterianfinearts/graphics hasteypudding.jpg
2012.09.27 18:34 B C:\users\carlton\music\documents\meade street productions\laportepresbyterianfinearts\graphics\gartshore.jpg --> meadestreet.com /public_html/laportepresbyterianfinearts/graphics gartshore.jpg
2012.09.27 18:34 B C:\users\carlton\music\documents\meade street productions\laportepresbyterianfinearts\graphics\scheck.jpg --> meadestreet.com /public_html/laportepresbyterianfinearts/graphics scheck.jpg
